[2022-05-11 09:37:43.954 PM] error: fA : Section name is in invalid format to process. Only lowercase letters with hyphen in between is allowed.
[2022-05-11 09:47:26.839 PM] error: fAAA : Section name is in invalid format to process. Only lowercase letters with hyphen in between is allowed.
[2022-05-11 09:47:31.364 PM] info: Section data fetched successfully.
[2022-05-11 09:48:18.352 PM] info: football : Section data fetched successfully.
[2022-05-11 09:49:00.224 PM] info: football : Section data fetched successfully.
[2022-05-11 09:49:15.269 PM] info: football : Section data fetched successfully.
[2022-05-11 09:49:22.476 PM] error: AS : Section name is in invalid format to process. Only lowercase letters with hyphen in between is allowed.
[2022-05-11 10:26:11.855 PM] info: football : Section data fetched successfully.
[2022-05-11 10:27:13.748 PM] info: football : Section data fetched successfully.
[2022-05-11 10:27:16.201 PM] info: football : Section data fetched successfully.
[2022-05-11 10:27:18.569 PM] info: football : Section data fetched successfully.
[2022-05-11 10:27:20.200 PM] info: football : Section data fetched successfully.
[2022-05-11 10:27:36.392 PM] info: football : Section data fetched successfully.
[2022-05-11 10:27:37.913 PM] info: football : Section data fetched successfully.
[2022-05-11 10:28:28.094 PM] info: football : Section data fetched successfully.
[2022-05-11 10:28:29.273 PM] info: football : Section data fetched successfully.
[2022-05-11 10:28:31.396 PM] info: football : Section data fetched successfully.
[2022-05-11 10:28:32.834 PM] info: football : Section data fetched successfully.
[2022-05-11 10:39:35.678 PM] info: football : Section data fetched successfully.
[2022-05-11 10:39:57.694 PM] info: football : Section data fetched successfully.
[2022-05-11 10:41:49.325 PM] info: football : Section data fetched successfully.
[2022-05-11 10:42:08.300 PM] info: football : Section data fetched successfully.
[2022-05-11 10:42:14.227 PM] info: football : Section data fetched successfully.
[2022-05-11 10:42:29.469 PM] info: football : Section data fetched successfully.
[2022-05-11 10:42:43.054 PM] info: football : Section data fetched successfully.
[2022-05-11 10:44:41.632 PM] info: football : Section data fetched successfully.
[2022-05-11 10:45:06.707 PM] info: football : Section data fetched successfully.
[2022-05-11 10:46:30.847 PM] info: football : Section data fetched successfully.
[2022-05-11 10:56:13.671 PM] info: football : Section data fetched successfully.
[2022-05-11 10:56:35.760 PM] info: football : Section data fetched successfully.
[2022-05-11 10:57:00.921 PM] info: football : Section data fetched successfully.
[2022-05-11 10:57:08.924 PM] info: football : Section data fetched successfully.
[2022-05-11 10:57:23.514 PM] info: football : Section data fetched successfully.
[2022-05-11 10:57:33.444 PM] info: football : Section data fetched successfully.
[2022-05-11 10:59:15.460 PM] info: football : Section data fetched successfully.
[2022-05-11 11:02:22.952 PM] info: football : Section data fetched successfully.
[2022-05-11 11:03:33.599 PM] info: football : Section data fetched successfully.
[2022-05-11 11:03:55.701 PM] info: football : Section data fetched successfully.
[2022-05-11 11:04:16.612 PM] info: football : Section data fetched successfully.
[2022-05-11 11:09:32.339 PM] info: football : Section data fetched successfully.
[2022-05-11 11:11:19.879 PM] info: football : Section data fetched successfully.
[2022-05-11 11:12:35.397 PM] info: football : Section data fetched successfully.
[2022-05-11 11:15:46.502 PM] info: football : Section data fetched successfully.
[2022-05-11 11:18:40.587 PM] info: football : Section data fetched successfully.
[2022-05-11 11:18:49.603 PM] info: football : Section data fetched successfully.
[2022-05-11 11:20:13.019 PM] info: football : Section data fetched successfully.
[2022-05-11 11:22:48.260 PM] info: football : Section data fetched successfully.
[2022-05-11 11:24:47.685 PM] info: books : Section data fetched successfully.
[2022-05-11 11:27:45.534 PM] info: books : Section data fetched successfully.
